{
"contracts/NftMarketplace.sol":{"l":{"45":5,"46":5,"47":1,"49":4,"57":4,"58":4,"59":4,"60":1,"62":3,"66":0,"67":0,"68":0,"70":0,"88":3,"89":1,"92":2,"93":2,"94":0,"97":2,"98":2,"113":0,"114":0,"115":0,"121":0,"123":0,"126":0,"128":0,"136":0,"137":0,"145":0,"146":0,"148":0,"149":0,"153":0,"154":0,"155":0,"157":0,"158":0,"159":0,"160":0,"169":0,"173":0},"path":"/Users/konstantinabl/solidity-crash-course/hardhat-nft-markeplace/contracts/NftMarketplace.sol","s":{"1":5,"2":5,"3":4,"4":4,"5":4,"6":0,"7":0,"8":3,"9":2,"10":2,"11":2,"12":0,"13":0,"14":0,"15":0,"16":0,"17":0,"18":0,"19":0,"20":0,"21":0,"22":0,"23":0,"24":0},"b":{"1":[1,4],"2":[1,3],"3":[0,0],"4":[4,1],"5":[3,1],"6":[1,2],"7":[0,2],"8":[0,0],"9":[0,0],"10":[0,0],"11":[0,0],"12":[0,0],"13":[0,0],"14":[0,0],"15":[0,0],"16":[0,0],"17":[0,0]},"f":{"1":5,"2":4,"3":0,"4":3,"5":0,"6":0,"7":0,"8":0,"9":0,"10":0},"fnMap":{"1":{"name":"notListed","line":40,"loc":{"start":{"line":40,"column":4},"end":{"line":50,"column":4}}},"2":{"name":"isOwner","line":52,"loc":{"start":{"line":52,"column":4},"end":{"line":63,"column":4}}},"3":{"name":"isListed","line":65,"loc":{"start":{"line":65,"column":4},"end":{"line":71,"column":4}}},"4":{"name":"listItem","line":87,"loc":{"start":{"line":83,"column":4},"end":{"line":99,"column":4}}},"5":{"name":"buyItem","line":111,"loc":{"start":{"line":107,"column":4},"end":{"line":129,"column":4}}},"6":{"name":"cancelListing","line":134,"loc":{"start":{"line":131,"column":4},"end":{"line":138,"column":4}}},"7":{"name":"updateListing","line":144,"loc":{"start":{"line":140,"column":4},"end":{"line":150,"column":4}}},"8":{"name":"withdrawProceeds","line":152,"loc":{"start":{"line":152,"column":4},"end":{"line":162,"column":4}}},"9":{"name":"getListing","line":164,"loc":{"start":{"line":164,"column":4},"end":{"line":170,"column":4}}},"10":{"name":"getProceeds","line":172,"loc":{"start":{"line":172,"column":4},"end":{"line":174,"column":4}}}},"statementMap":{"1":{"start":{"line":45,"column":8},"end":{"line":45,"column":64}},"2":{"start":{"line":46,"column":8},"end":{"line":46,"column":1520}},"3":{"start":{"line":57,"column":8},"end":{"line":57,"column":41}},"4":{"start":{"line":58,"column":8},"end":{"line":58,"column":44}},"5":{"start":{"line":59,"column":8},"end":{"line":59,"column":1848}},"6":{"start":{"line":66,"column":8},"end":{"line":66,"column":64}},"7":{"start":{"line":67,"column":8},"end":{"line":67,"column":2081}},"8":{"start":{"line":88,"column":8},"end":{"line":88,"column":2885}},"9":{"start":{"line":92,"column":8},"end":{"line":92,"column":41}},"10":{"start":{"line":93,"column":8},"end":{"line":93,"column":3125}},"11":{"start":{"line":98,"column":8},"end":{"line":98,"column":63}},"12":{"start":{"line":113,"column":8},"end":{"line":113,"column":67}},"13":{"start":{"line":114,"column":8},"end":{"line":114,"column":3860}},"14":{"start":{"line":126,"column":8},"end":{"line":126,"column":83}},"15":{"start":{"line":128,"column":8},"end":{"line":128,"column":74}},"16":{"start":{"line":137,"column":8},"end":{"line":137,"column":59}},"17":{"start":{"line":145,"column":8},"end":{"line":145,"column":5169}},"18":{"start":{"line":149,"column":8},"end":{"line":149,"column":66}},"19":{"start":{"line":153,"column":8},"end":{"line":153,"column":49}},"20":{"start":{"line":154,"column":8},"end":{"line":154,"column":5489}},"21":{"start":{"line":158,"column":8},"end":{"line":158,"column":72}},"22":{"start":{"line":159,"column":8},"end":{"line":159,"column":5690}},"23":{"start":{"line":169,"column":8},"end":{"line":169,"column":46}},"24":{"start":{"line":173,"column":8},"end":{"line":173,"column":33}}},"branchMap":{"1":{"line":46,"type":"if","locations":[{"start":{"line":46,"column":8},"end":{"line":46,"column":8}},{"start":{"line":46,"column":8},"end":{"line":46,"column":8}}]},"2":{"line":59,"type":"if","locations":[{"start":{"line":59,"column":8},"end":{"line":59,"column":8}},{"start":{"line":59,"column":8},"end":{"line":59,"column":8}}]},"3":{"line":67,"type":"if","locations":[{"start":{"line":67,"column":8},"end":{"line":67,"column":8}},{"start":{"line":67,"column":8},"end":{"line":67,"column":8}}]},"4":{"line":87,"type":"if","locations":[{"start":{"line":87,"column":15},"end":{"line":87,"column":15}},{"start":{"line":87,"column":15},"end":{"line":87,"column":15}}]},"5":{"line":87,"type":"if","locations":[{"start":{"line":87,"column":58},"end":{"line":87,"column":58}},{"start":{"line":87,"column":58},"end":{"line":87,"column":58}}]},"6":{"line":88,"type":"if","locations":[{"start":{"line":88,"column":8},"end":{"line":88,"column":8}},{"start":{"line":88,"column":8},"end":{"line":88,"column":8}}]},"7":{"line":93,"type":"if","locations":[{"start":{"line":93,"column":8},"end":{"line":93,"column":8}},{"start":{"line":93,"column":8},"end":{"line":93,"column":8}}]},"8":{"line":110,"type":"if","locations":[{"start":{"line":110,"column":8},"end":{"line":110,"column":8}},{"start":{"line":110,"column":8},"end":{"line":110,"column":8}}]},"9":{"line":111,"type":"if","locations":[{"start":{"line":111,"column":8},"end":{"line":111,"column":8}},{"start":{"line":111,"column":8},"end":{"line":111,"column":8}}]},"10":{"line":114,"type":"if","locations":[{"start":{"line":114,"column":8},"end":{"line":114,"column":8}},{"start":{"line":114,"column":8},"end":{"line":114,"column":8}}]},"11":{"line":133,"type":"if","locations":[{"start":{"line":133,"column":8},"end":{"line":133,"column":8}},{"start":{"line":133,"column":8},"end":{"line":133,"column":8}}]},"12":{"line":134,"type":"if","locations":[{"start":{"line":134,"column":8},"end":{"line":134,"column":8}},{"start":{"line":134,"column":8},"end":{"line":134,"column":8}}]},"13":{"line":144,"type":"if","locations":[{"start":{"line":144,"column":15},"end":{"line":144,"column":15}},{"start":{"line":144,"column":15},"end":{"line":144,"column":15}}]},"14":{"line":144,"type":"if","locations":[{"start":{"line":144,"column":45},"end":{"line":144,"column":45}},{"start":{"line":144,"column":45},"end":{"line":144,"column":45}}]},"15":{"line":145,"type":"if","locations":[{"start":{"line":145,"column":8},"end":{"line":145,"column":8}},{"start":{"line":145,"column":8},"end":{"line":145,"column":8}}]},"16":{"line":154,"type":"if","locations":[{"start":{"line":154,"column":8},"end":{"line":154,"column":8}},{"start":{"line":154,"column":8},"end":{"line":154,"column":8}}]},"17":{"line":159,"type":"if","locations":[{"start":{"line":159,"column":8},"end":{"line":159,"column":8}},{"start":{"line":159,"column":8},"end":{"line":159,"column":8}}]}}},
"contracts/test/BasicNft.sol":{"l":{"14":3,"18":4,"19":4,"20":4,"24":0,"25":0,"29":0},"path":"/Users/konstantinabl/solidity-crash-course/hardhat-nft-markeplace/contracts/test/BasicNft.sol","s":{"1":4,"2":4,"3":0,"4":0,"5":0},"b":{"1":[0,0]},"f":{"1":3,"2":4,"3":0,"4":0},"fnMap":{"1":{"name":"constructor","line":13,"loc":{"start":{"line":13,"column":4},"end":{"line":15,"column":4}}},"2":{"name":"mintNft","line":17,"loc":{"start":{"line":17,"column":4},"end":{"line":21,"column":4}}},"3":{"name":"tokenURI","line":23,"loc":{"start":{"line":23,"column":4},"end":{"line":26,"column":4}}},"4":{"name":"getTokenCounter","line":28,"loc":{"start":{"line":28,"column":4},"end":{"line":30,"column":4}}}},"statementMap":{"1":{"start":{"line":18,"column":8},"end":{"line":18,"column":44}},"2":{"start":{"line":19,"column":8},"end":{"line":19,"column":38}},"3":{"start":{"line":24,"column":8},"end":{"line":24,"column":83}},"4":{"start":{"line":25,"column":8},"end":{"line":25,"column":24}},"5":{"start":{"line":29,"column":8},"end":{"line":29,"column":29}}},"branchMap":{"1":{"line":24,"type":"if","locations":[{"start":{"line":24,"column":8},"end":{"line":24,"column":8}},{"start":{"line":24,"column":8},"end":{"line":24,"column":8}}]}}}}
