TN:
SF:/Users/konstantinabl/solidity-crash-course/hardhat-nft-markeplace/contracts/NftMarketplace.sol
FN:40,notListed
FN:52,isOwner
FN:65,isListed
FN:87,listItem
FN:111,buyItem
FN:134,cancelListing
FN:144,updateListing
FN:152,withdrawProceeds
FN:164,getListing
FN:172,getProceeds
FNF:10
FNH:3
FNDA:5,notListed
FNDA:4,isOwner
FNDA:0,isListed
FNDA:3,listItem
FNDA:0,buyItem
FNDA:0,cancelListing
FNDA:0,updateListing
FNDA:0,withdrawProceeds
FNDA:0,getListing
FNDA:0,getProceeds
DA:45,5
DA:46,5
DA:47,1
DA:49,4
DA:57,4
DA:58,4
DA:59,4
DA:60,1
DA:62,3
DA:66,0
DA:67,0
DA:68,0
DA:70,0
DA:88,3
DA:89,1
DA:92,2
DA:93,2
DA:94,0
DA:97,2
DA:98,2
DA:113,0
DA:114,0
DA:115,0
DA:121,0
DA:123,0
DA:126,0
DA:128,0
DA:136,0
DA:137,0
DA:145,0
DA:146,0
DA:148,0
DA:149,0
DA:153,0
DA:154,0
DA:155,0
DA:157,0
DA:158,0
DA:159,0
DA:160,0
DA:169,0
DA:173,0
LF:42
LH:15
BRDA:46,1,0,1
BRDA:46,1,1,4
BRDA:59,2,0,1
BRDA:59,2,1,3
BRDA:67,3,0,0
BRDA:67,3,1,0
BRDA:87,4,0,4
BRDA:87,4,1,1
BRDA:87,5,0,3
BRDA:87,5,1,1
BRDA:88,6,0,1
BRDA:88,6,1,2
BRDA:93,7,0,0
BRDA:93,7,1,2
BRDA:110,8,0,0
BRDA:110,8,1,0
BRDA:111,9,0,0
BRDA:111,9,1,0
BRDA:114,10,0,0
BRDA:114,10,1,0
BRDA:133,11,0,0
BRDA:133,11,1,0
BRDA:134,12,0,0
BRDA:134,12,1,0
BRDA:144,13,0,0
BRDA:144,13,1,0
BRDA:144,14,0,0
BRDA:144,14,1,0
BRDA:145,15,0,0
BRDA:145,15,1,0
BRDA:154,16,0,0
BRDA:154,16,1,0
BRDA:159,17,0,0
BRDA:159,17,1,0
BRF:34
BRH:11
end_of_record
TN:
SF:/Users/konstantinabl/solidity-crash-course/hardhat-nft-markeplace/contracts/test/BasicNft.sol
FN:13,constructor
FN:17,mintNft
FN:23,tokenURI
FN:28,getTokenCounter
FNF:4
FNH:2
FNDA:3,constructor
FNDA:4,mintNft
FNDA:0,tokenURI
FNDA:0,getTokenCounter
DA:14,3
DA:18,4
DA:19,4
DA:20,4
DA:24,0
DA:25,0
DA:29,0
LF:7
LH:4
BRDA:24,1,0,0
BRDA:24,1,1,0
BRF:2
BRH:0
end_of_record
